error while running: notebooks/interp.ipynb

An error occurred while executing the following cell:
------------------
import numpy as np
import matplotlib.pyplot as plt

import exoplanet as xo

np.random.seed(42)
x = np.sort(np.random.uniform(-5, 5, 25))
points = [x]
values = x**3-x**2

interpolator = xo.interp.RegularGridInterpolator(points, values[:, None])

t = np.linspace(-6, 6, 5000)
plt.plot(t, interpolator.evaluate(t[:, None]).eval(), label="interpolation")
plt.plot(x, values, "o", label="control points")
plt.xlabel("x")
plt.ylabel("y")
plt.legend(fontsize=12);
------------------

---------------------------------------------------------------------------
Exception                                 Traceback (most recent call last)
<ipython-input-3-dc62a626f2e4> in <module>
     12 
     13 t = np.linspace(-6, 6, 5000)
---> 14 plt.plot(t, interpolator.evaluate(t[:, None]).eval(), label="interpolation")
     15 plt.plot(x, values, "o", label="control points")
     16 plt.xlabel("x")

~/miniconda3/envs/autoexoplanet/lib/python3.7/site-packages/theano/gof/graph.py in eval(self, inputs_to_values)
    520         inputs = tuple(sorted(inputs_to_values.keys(), key=id))
    521         if inputs not in self._fn_cache:
--> 522             self._fn_cache[inputs] = theano.function(inputs, self)
    523         args = [inputs_to_values[param] for param in inputs]
    524 

~/miniconda3/envs/autoexoplanet/lib/python3.7/site-packages/theano/compile/function.py in function(inputs, outputs, mode, updates, givens, no_default_updates, accept_inplace, name, rebuild_strict, allow_input_downcast, profile, on_unused_input)
    315                    on_unused_input=on_unused_input,
    316                    profile=profile,
--> 317                    output_keys=output_keys)
    318     return fn

~/miniconda3/envs/autoexoplanet/lib/python3.7/site-packages/theano/compile/pfunc.py in pfunc(params, outputs, mode, updates, givens, no_default_updates, accept_inplace, name, rebuild_strict, allow_input_downcast, profile, on_unused_input, output_keys)
    484                          accept_inplace=accept_inplace, name=name,
    485                          profile=profile, on_unused_input=on_unused_input,
--> 486                          output_keys=output_keys)
    487 
    488 

~/miniconda3/envs/autoexoplanet/lib/python3.7/site-packages/theano/compile/function_module.py in orig_function(inputs, outputs, mode, accept_inplace, name, profile, on_unused_input, output_keys)
   1839                   name=name)
   1840         with theano.change_flags(compute_test_value="off"):
-> 1841             fn = m.create(defaults)
   1842     finally:
   1843         t2 = time.time()

~/miniconda3/envs/autoexoplanet/lib/python3.7/site-packages/theano/compile/function_module.py in create(self, input_storage, trustme, storage_map)
   1713             theano.config.traceback.limit = theano.config.traceback.compile_limit
   1714             _fn, _i, _o = self.linker.make_thunk(
-> 1715                 input_storage=input_storage_lists, storage_map=storage_map)
   1716         finally:
   1717             theano.config.traceback.limit = limit_orig

~/miniconda3/envs/autoexoplanet/lib/python3.7/site-packages/theano/gof/link.py in make_thunk(self, input_storage, output_storage, storage_map)
    697         return self.make_all(input_storage=input_storage,
    698                              output_storage=output_storage,
--> 699                              storage_map=storage_map)[:3]
    700 
    701     def make_all(self, input_storage, output_storage):

~/miniconda3/envs/autoexoplanet/lib/python3.7/site-packages/theano/gof/vm.py in make_all(self, profiler, input_storage, output_storage, storage_map)
   1089                                                  compute_map,
   1090                                                  [],
-> 1091                                                  impl=impl))
   1092                 linker_make_thunk_time[node] = time.time() - thunk_start
   1093                 if not hasattr(thunks[-1], 'lazy'):

~/miniconda3/envs/autoexoplanet/lib/python3.7/site-packages/theano/gof/op.py in make_thunk(self, node, storage_map, compute_map, no_recycling, impl)
    953             try:
    954                 return self.make_c_thunk(node, storage_map, compute_map,
--> 955                                          no_recycling)
    956             except (NotImplementedError, utils.MethodNotDefined):
    957                 # We requested the c code, so don't catch the error.

~/miniconda3/envs/autoexoplanet/lib/python3.7/site-packages/theano/gof/op.py in make_c_thunk(self, node, storage_map, compute_map, no_recycling)
    856         _logger.debug('Trying CLinker.make_thunk')
    857         outputs = cl.make_thunk(input_storage=node_input_storage,
--> 858                                 output_storage=node_output_storage)
    859         thunk, node_input_filters, node_output_filters = outputs
    860 

~/miniconda3/envs/autoexoplanet/lib/python3.7/site-packages/theano/gof/cc.py in make_thunk(self, input_storage, output_storage, storage_map, keep_lock)
   1215         cthunk, module, in_storage, out_storage, error_storage = self.__compile__(
   1216             input_storage, output_storage, storage_map,
-> 1217             keep_lock=keep_lock)
   1218 
   1219         res = _CThunk(cthunk, init_tasks, tasks, error_storage, module)

~/miniconda3/envs/autoexoplanet/lib/python3.7/site-packages/theano/gof/cc.py in __compile__(self, input_storage, output_storage, storage_map, keep_lock)
   1155                                             output_storage,
   1156                                             storage_map,
-> 1157                                             keep_lock=keep_lock)
   1158         return (thunk,
   1159                 module,

~/miniconda3/envs/autoexoplanet/lib/python3.7/site-packages/theano/gof/cc.py in cthunk_factory(self, error_storage, in_storage, out_storage, storage_map, keep_lock)
   1622                 node.op.prepare_node(node, storage_map, None, 'c')
   1623             module = get_module_cache().module_from_key(
-> 1624                 key=key, lnk=self, keep_lock=keep_lock)
   1625 
   1626         vars = self.inputs + self.outputs + self.orphans

~/miniconda3/envs/autoexoplanet/lib/python3.7/site-packages/theano/gof/cmodule.py in module_from_key(self, key, lnk, keep_lock)
   1187             try:
   1188                 location = dlimport_workdir(self.dirname)
-> 1189                 module = lnk.compile_cmodule(location)
   1190                 name = module.__file__
   1191                 assert name.startswith(location)

~/miniconda3/envs/autoexoplanet/lib/python3.7/site-packages/theano/gof/cc.py in compile_cmodule(self, location)
   1525                 lib_dirs=self.lib_dirs(),
   1526                 libs=libs,
-> 1527                 preargs=preargs)
   1528         except Exception as e:
   1529             e.args += (str(self.fgraph),)

~/miniconda3/envs/autoexoplanet/lib/python3.7/site-packages/theano/gof/cmodule.py in compile_str(module_name, src_code, location, include_dirs, lib_dirs, libs, preargs, py_module, hide_symbols)
   2394             # difficult to read.
   2395             raise Exception('Compilation failed (return status=%s): %s' %
-> 2396                             (status, compile_stderr.replace('\n', '. ')))
   2397         elif config.cmodule.compilation_warning and compile_stderr:
   2398             # Print errors just below the command line.

Exception: ('The following error happened while compiling the node', RegularGridOp{ndim=1, nout=-1, check_sorted=True, bounds_error=False}(TensorConstant{[[-6.     ..        ]]}, <TensorType(float64, matrix)>, <TensorType(float64, vector)>), '\n', 'Compilation failed (return status=1): In file included from /mnt/home/dforeman/.theano/compiledir_Linux-3.10-el7.x86_64-x86_64-with-centos-7.6.1810-Core-x86_64-3.7.2-64/tmpgobffphh/mod.cpp:7:0:. /mnt/home/dforeman/research/projects/dfm/exoplanet_auto/exoplanet/theano_ops/interp/include/theano_helpers.h:1:22: fatal error: Eigen/Core: No such file or directory.  #include <Eigen/Core>.                       ^. compilation terminated.. ', '[*1 -> RegularGridOp{ndim=1, nout=-1, check_sorted=True, bounds_error=False}(TensorConstant{[[-6.     ..        ]]}, <TensorType(float64, matrix)>, <TensorType(float64, vector)>), *1::1]')
Exception: ('The following error happened while compiling the node', RegularGridOp{ndim=1, nout=-1, check_sorted=True, bounds_error=False}(TensorConstant{[[-6.     ..        ]]}, <TensorType(float64, matrix)>, <TensorType(float64, vector)>), '\n', 'Compilation failed (return status=1): In file included from /mnt/home/dforeman/.theano/compiledir_Linux-3.10-el7.x86_64-x86_64-with-centos-7.6.1810-Core-x86_64-3.7.2-64/tmpgobffphh/mod.cpp:7:0:. /mnt/home/dforeman/research/projects/dfm/exoplanet_auto/exoplanet/theano_ops/interp/include/theano_helpers.h:1:22: fatal error: Eigen/Core: No such file or directory.  #include <Eigen/Core>.                       ^. compilation terminated.. ', '[*1 -> RegularGridOp{ndim=1, nout=-1, check_sorted=True, bounds_error=False}(TensorConstant{[[-6.     ..        ]]}, <TensorType(float64, matrix)>, <TensorType(float64, vector)>), *1::1]')


error while running: notebooks/gp.ipynb

An error occurred while executing the following cell:
------------------
with model:
    mu, var = xo.eval_in_model(gp.predict(true_t, return_var=True), map_soln)
------------------

---------------------------------------------------------------------------
Exception                                 Traceback (most recent call last)
<ipython-input-6-aecaab560f98> in <module>
      1 with model:
----> 2     mu, var = xo.eval_in_model(gp.predict(true_t, return_var=True), map_soln)

~/research/projects/dfm/exoplanet_auto/exoplanet/gp/celerite.py in predict(self, t, return_var, return_cov, kernel)
    112         KinvKxsT = self.apply_inverse(KxsT)
    113         if return_var:
--> 114             var = -diag_dot(Kxs, KinvKxsT)  # tt.sum(KxsT*KinvKxsT, axis=0)
    115             var += kernel.value(0)
    116             return mu, var

~/miniconda3/envs/autoexoplanet/lib/python3.7/site-packages/theano/gof/op.py in __call__(self, *inputs, **kwargs)
    668                 # compute output value once with test inputs to validate graph
    669                 thunk = node.op.make_thunk(node, storage_map, compute_map,
--> 670                                            no_recycling=[])
    671                 thunk.inputs = [storage_map[v] for v in node.inputs]
    672                 thunk.outputs = [storage_map[v] for v in node.outputs]

~/miniconda3/envs/autoexoplanet/lib/python3.7/site-packages/theano/gof/op.py in make_thunk(self, node, storage_map, compute_map, no_recycling, impl)
    953             try:
    954                 return self.make_c_thunk(node, storage_map, compute_map,
--> 955                                          no_recycling)
    956             except (NotImplementedError, utils.MethodNotDefined):
    957                 # We requested the c code, so don't catch the error.

~/miniconda3/envs/autoexoplanet/lib/python3.7/site-packages/theano/gof/op.py in make_c_thunk(self, node, storage_map, compute_map, no_recycling)
    856         _logger.debug('Trying CLinker.make_thunk')
    857         outputs = cl.make_thunk(input_storage=node_input_storage,
--> 858                                 output_storage=node_output_storage)
    859         thunk, node_input_filters, node_output_filters = outputs
    860 

~/miniconda3/envs/autoexoplanet/lib/python3.7/site-packages/theano/gof/cc.py in make_thunk(self, input_storage, output_storage, storage_map, keep_lock)
   1215         cthunk, module, in_storage, out_storage, error_storage = self.__compile__(
   1216             input_storage, output_storage, storage_map,
-> 1217             keep_lock=keep_lock)
   1218 
   1219         res = _CThunk(cthunk, init_tasks, tasks, error_storage, module)

~/miniconda3/envs/autoexoplanet/lib/python3.7/site-packages/theano/gof/cc.py in __compile__(self, input_storage, output_storage, storage_map, keep_lock)
   1155                                             output_storage,
   1156                                             storage_map,
-> 1157                                             keep_lock=keep_lock)
   1158         return (thunk,
   1159                 module,

~/miniconda3/envs/autoexoplanet/lib/python3.7/site-packages/theano/gof/cc.py in cthunk_factory(self, error_storage, in_storage, out_storage, storage_map, keep_lock)
   1622                 node.op.prepare_node(node, storage_map, None, 'c')
   1623             module = get_module_cache().module_from_key(
-> 1624                 key=key, lnk=self, keep_lock=keep_lock)
   1625 
   1626         vars = self.inputs + self.outputs + self.orphans

~/miniconda3/envs/autoexoplanet/lib/python3.7/site-packages/theano/gof/cmodule.py in module_from_key(self, key, lnk, keep_lock)
   1187             try:
   1188                 location = dlimport_workdir(self.dirname)
-> 1189                 module = lnk.compile_cmodule(location)
   1190                 name = module.__file__
   1191                 assert name.startswith(location)

~/miniconda3/envs/autoexoplanet/lib/python3.7/site-packages/theano/gof/cc.py in compile_cmodule(self, location)
   1525                 lib_dirs=self.lib_dirs(),
   1526                 libs=libs,
-> 1527                 preargs=preargs)
   1528         except Exception as e:
   1529             e.args += (str(self.fgraph),)

~/miniconda3/envs/autoexoplanet/lib/python3.7/site-packages/theano/gof/cmodule.py in compile_str(module_name, src_code, location, include_dirs, lib_dirs, libs, preargs, py_module, hide_symbols)
   2394             # difficult to read.
   2395             raise Exception('Compilation failed (return status=%s): %s' %
-> 2396                             (status, compile_stderr.replace('\n', '. ')))
   2397         elif config.cmodule.compilation_warning and compile_stderr:
   2398             # Print errors just below the command line.

Exception: ('Compilation failed (return status=1): /mnt/home/dforeman/.theano/compiledir_Linux-3.10-el7.x86_64-x86_64-with-centos-7.6.1810-Core-x86_64-3.7.2-64/tmp2qmb9ouc/mod.cpp: In function ‘int diag_dot_node_md0857b313ca993ebf48459b201cedb6338c4f259d30197fcac2f0c7e94e1bf05_0(PyArrayObject*, PyArrayObject*, PyArrayObject**)’:. /mnt/home/dforeman/.theano/compiledir_Linux-3.10-el7.x86_64-x86_64-with-centos-7.6.1810-Core-x86_64-3.7.2-64/tmp2qmb9ouc/mod.cpp:54:59: error: ‘allocate_output’ was not declared in this scope.    if (allocate_output(1, shape0, TYPENUM_OUTPUT_0, output0)) {.                                                            ^. /mnt/home/dforeman/.theano/compiledir_Linux-3.10-el7.x86_64-x86_64-with-centos-7.6.1810-Core-x86_64-3.7.2-64/tmp2qmb9ouc/mod.cpp:54:59: note: suggested alternative:. In file included from /mnt/home/dforeman/.theano/compiledir_Linux-3.10-el7.x86_64-x86_64-with-centos-7.6.1810-Core-x86_64-3.7.2-64/tmp2qmb9ouc/mod.cpp:7:0:. /mnt/home/dforeman/research/projects/dfm/exoplanet_auto/exoplanet/theano_ops/lib/include/exoplanet/theano_helpers.h:28:19: note:   ‘exoplanet::allocate_output’.  DTYPE_OUTPUT_NUM* allocate_output(int ndim, npy_intp* shape, int typenum, PyArrayObject** output, int* success) {.                    ^. ', '[DiagDotOp{J=-1, n_rhs=-1}(<TensorType(float64, matrix)>, <TensorType(float64, matrix)>)]')
Exception: ('Compilation failed (return status=1): /mnt/home/dforeman/.theano/compiledir_Linux-3.10-el7.x86_64-x86_64-with-centos-7.6.1810-Core-x86_64-3.7.2-64/tmp2qmb9ouc/mod.cpp: In function ‘int diag_dot_node_md0857b313ca993ebf48459b201cedb6338c4f259d30197fcac2f0c7e94e1bf05_0(PyArrayObject*, PyArrayObject*, PyArrayObject**)’:. /mnt/home/dforeman/.theano/compiledir_Linux-3.10-el7.x86_64-x86_64-with-centos-7.6.1810-Core-x86_64-3.7.2-64/tmp2qmb9ouc/mod.cpp:54:59: error: ‘allocate_output’ was not declared in this scope.    if (allocate_output(1, shape0, TYPENUM_OUTPUT_0, output0)) {.                                                            ^. /mnt/home/dforeman/.theano/compiledir_Linux-3.10-el7.x86_64-x86_64-with-centos-7.6.1810-Core-x86_64-3.7.2-64/tmp2qmb9ouc/mod.cpp:54:59: note: suggested alternative:. In file included from /mnt/home/dforeman/.theano/compiledir_Linux-3.10-el7.x86_64-x86_64-with-centos-7.6.1810-Core-x86_64-3.7.2-64/tmp2qmb9ouc/mod.cpp:7:0:. /mnt/home/dforeman/research/projects/dfm/exoplanet_auto/exoplanet/theano_ops/lib/include/exoplanet/theano_helpers.h:28:19: note:   ‘exoplanet::allocate_output’.  DTYPE_OUTPUT_NUM* allocate_output(int ndim, npy_intp* shape, int typenum, PyArrayObject** output, int* success) {.                    ^. ', '[DiagDotOp{J=-1, n_rhs=-1}(<TensorType(float64, matrix)>, <TensorType(float64, matrix)>)]')
